C:\USERS\ANDRZEJ\AUTODESK\SOFTIMAGE_2015\APPLICATION\PLUGINS\ZAD2CH\BIN\NT-X86-64\DEBUG\ZAD2CH.OBJ
C:\USERS\ANDRZEJ\AUTODESK\SOFTIMAGE_2015\APPLICATION\PLUGINS\ZAD2CH\BIN\NT-X86-64\DEBUG\MAIN.OBJ
C:\USERS\ANDRZEJ\AUTODESK\SOFTIMAGE_2015\APPLICATION\PLUGINS\ZAD2CH\BIN\NT-X86-64\DEBUG\VC110.PDB
C:\USERS\ANDRZEJ\AUTODESK\SOFTIMAGE_2015\APPLICATION\PLUGINS\ZAD2CH\BIN\NT-X86-64\ZAD2CH.ILK
C:\USERS\ANDRZEJ\AUTODESK\SOFTIMAGE_2015\APPLICATION\PLUGINS\ZAD2CH\BIN\NT-X86-64\ZAD2CH.DLL
C:\USERS\ANDRZEJ\AUTODESK\SOFTIMAGE_2015\APPLICATION\PLUGINS\ZAD2CH\BIN\NT-X86-64\ZAD2CH.PDB
C:\USERS\ANDRZEJ\AUTODESK\SOFTIMAGE_2015\APPLICATION\PLUGINS\ZAD2CH\BIN\NT-X86-64\DEBUG\ZAD2CH.RES
C:\Users\Andrzej\Autodesk\Softimage_2015\Application\Plugins\Zad2CH\bin\nt-x86-64\Zad2CH.lib
C:\Users\Andrzej\Autodesk\Softimage_2015\Application\Plugins\Zad2CH\bin\nt-x86-64\Zad2CH.exp
C:\Users\Andrzej\Autodesk\Softimage_2015\Application\Plugins\Zad2CH\bin\nt-x86-64\Debug\Main.obj
C:\Users\Andrzej\Autodesk\Softimage_2015\Application\Plugins\Zad2CH\bin\nt-x86-64\Debug\Zad2CH.obj
C:\Users\Andrzej\Autodesk\Softimage_2015\Application\Plugins\Zad2CH\bin\nt-x86-64\Debug\cl.command.1.tlog
C:\Users\Andrzej\Autodesk\Softimage_2015\Application\Plugins\Zad2CH\bin\nt-x86-64\Debug\CL.read.1.tlog
C:\Users\Andrzej\Autodesk\Softimage_2015\Application\Plugins\Zad2CH\bin\nt-x86-64\Debug\CL.write.1.tlog
C:\Users\Andrzej\Autodesk\Softimage_2015\Application\Plugins\Zad2CH\bin\nt-x86-64\Debug\link-cvtres.read.1.tlog
C:\Users\Andrzej\Autodesk\Softimage_2015\Application\Plugins\Zad2CH\bin\nt-x86-64\Debug\link-cvtres.write.1.tlog
C:\Users\Andrzej\Autodesk\Softimage_2015\Application\Plugins\Zad2CH\bin\nt-x86-64\Debug\link-rc.read.1.tlog
C:\Users\Andrzej\Autodesk\Softimage_2015\Application\Plugins\Zad2CH\bin\nt-x86-64\Debug\link-rc.write.1.tlog
C:\Users\Andrzej\Autodesk\Softimage_2015\Application\Plugins\Zad2CH\bin\nt-x86-64\Debug\link.command.1.tlog
C:\Users\Andrzej\Autodesk\Softimage_2015\Application\Plugins\Zad2CH\bin\nt-x86-64\Debug\link.read.1.tlog
C:\Users\Andrzej\Autodesk\Softimage_2015\Application\Plugins\Zad2CH\bin\nt-x86-64\Debug\link.write.1.tlog
C:\Users\Andrzej\Autodesk\Softimage_2015\Application\Plugins\Zad2CH\bin\nt-x86-64\Debug\rc.command.1.tlog
C:\Users\Andrzej\Autodesk\Softimage_2015\Application\Plugins\Zad2CH\bin\nt-x86-64\Debug\rc.read.1.tlog
C:\Users\Andrzej\Autodesk\Softimage_2015\Application\Plugins\Zad2CH\bin\nt-x86-64\Debug\rc.write.1.tlog
C:\Users\Andrzej\Autodesk\Softimage_2015\Application\Plugins\Zad2CH\bin\nt-x86-64\Debug\Zad2CH.write.1.tlog
C:\Users\Andrzej\Autodesk\Softimage_2015\Application\Plugins\Zad2CH\bin\nt-x86-64\Debug\Zad2CH.res
C:\Users\Andrzej\Autodesk\Softimage_2015\Application\Plugins\Zad2CH\bin\nt-x86-64\Debug\vc110.pdb
C:\Users\Andrzej\Autodesk\Softimage_2015\Application\Plugins\Zad2CH\.\bin\nt-x86-64\Zad2CH.dll
