E:\PROJEKT-KRZACZEK\SOCKETCLASS\SOCKET\SOCKET\DEBUG\WINDIALOG.OBJ
E:\PROJEKT-KRZACZEK\SOCKETCLASS\SOCKET\SOCKET\DEBUG\WINSOCKCLASS.OBJ
E:\PROJEKT-KRZACZEK\SOCKETCLASS\SOCKET\SOCKET\DEBUG\VC110.PDB
E:\PROJEKT-KRZACZEK\SOCKETCLASS\SOCKET\DEBUG\SOCKET.ILK
E:\PROJEKT-KRZACZEK\SOCKETCLASS\SOCKET\DEBUG\SOCKET.EXE
E:\PROJEKT-KRZACZEK\SOCKETCLASS\SOCKET\DEBUG\SOCKET.PDB
E:\PROJEKT-KRZACZEK\SOCKETCLASS\SOCKET\SOCKET\DEBUG\SOCKET.RES
E:\Projekt-Krzaczek\SocketClass\Socket\Socket\Debug\windialog.obj
E:\Projekt-Krzaczek\SocketClass\Socket\Socket\Debug\WinsockClass.obj
E:\Projekt-Krzaczek\SocketClass\Socket\Socket\Debug\cl.command.1.tlog
E:\Projekt-Krzaczek\SocketClass\Socket\Socket\Debug\CL.read.1.tlog
E:\Projekt-Krzaczek\SocketClass\Socket\Socket\Debug\CL.write.1.tlog
E:\Projekt-Krzaczek\SocketClass\Socket\Socket\Debug\link-cvtres.read.1.tlog
E:\Projekt-Krzaczek\SocketClass\Socket\Socket\Debug\link-cvtres.write.1.tlog
E:\Projekt-Krzaczek\SocketClass\Socket\Socket\Debug\link-rc.read.1.tlog
E:\Projekt-Krzaczek\SocketClass\Socket\Socket\Debug\link-rc.write.1.tlog
E:\Projekt-Krzaczek\SocketClass\Socket\Socket\Debug\link.command.1.tlog
E:\Projekt-Krzaczek\SocketClass\Socket\Socket\Debug\link.read.1.tlog
E:\Projekt-Krzaczek\SocketClass\Socket\Socket\Debug\link.write.1.tlog
E:\Projekt-Krzaczek\SocketClass\Socket\Socket\Debug\rc.command.1.tlog
E:\Projekt-Krzaczek\SocketClass\Socket\Socket\Debug\rc.read.1.tlog
E:\Projekt-Krzaczek\SocketClass\Socket\Socket\Debug\rc.write.1.tlog
E:\Projekt-Krzaczek\SocketClass\Socket\Socket\Debug\Socket.res
E:\Projekt-Krzaczek\SocketClass\Socket\Socket\Debug\vc110.idb
E:\Projekt-Krzaczek\SocketClass\Socket\Socket\Debug\vc110.pdb
E:\Projekt-Krzaczek\SocketClass\Socket\Debug\Socket.pdb
E:\Projekt-Krzaczek\SocketClass\Socket\Debug\Socket.exe
E:\Projekt-Krzaczek\SocketClass\Socket\Debug\Socket.ilk
