Build started 2015-08-24 02:57:47.
     1>Project "C:\Users\Andrzej\Autodesk\Softimage_2015\Application\Plugins\Zad2CH\Zad2CH.vcxproj" on node 2 (Rebuild target(s)).
     1>ClCompile:
         E:\Programy\VS12 - Pro\VC\bin\x86_amd64\CL.exe /c /I"E:\Programy\SF2\Softimage 2015\XSISDK\include" /Zi /nologo /W3 /WX- /Od /Oi /D WIN64 /D _WINDOWS /D _DEBUG /D _SECURE_SCL=0 /D _WIN32_WINNT=0x0500 /D _CRT_SECURE_NO_DEPRECATE /D _HAS_EXCEPTIONS=1 /D XSISDK_VERSION=13000 /D "XSISDK_VERSION_NAME=\"2015\"" /D _WINDLL /D _MBCS /Gm- /EHsc /RTCu /MDd /GS /fp:fast /Zc:wchar_t /Zc:forScope /GR- /Fo".\bin\nt-x86-64\Debug\\" /Fd".\bin\nt-x86-64\Debug\vc110.pdb" /Gd /TP /wd4100 /wd4201 /wd4505 /wd4514 /wd4710 /wd4711 /wd4996 /errorReport:prompt /we4293 /we4700 COMClass.cpp Main.cpp Zad2CH.cpp
         COMClass.cpp
         Main.cpp
         Zad2CH.cpp
         Generating Code...
       ResourceCompile:
         C:\Program Files (x86)\Windows Kits\8.0\bin\x86\rc.exe /D _DEBUG /l"0x0409" /nologo /fo".\bin\nt-x86-64\Debug\Zad2CH.res" Zad2CH.rc 
       Link:
         E:\Programy\VS12 - Pro\VC\bin\x86_amd64\link.exe /ERRORREPORT:PROMPT /OUT:".\bin\nt-x86-64\Zad2CH.dll" /INCREMENTAL /NOLOGO /LIBPATH:"E:\Programy\SF2\Softimage 2015\XSISDK\lib\nt-x86-64" sicppsdk.lib sicoresdk.lib kernel32.lib user32.lib gdi32.lib winspool.lib comdlg32.lib advapi32.lib shell32.lib ole32.lib oleaut32.lib uuid.lib odbc32.lib odbccp32.lib /MANIFEST /MANIFESTUAC:"level='asInvoker' uiAccess='false'" /manifest:embed /DEBUG /PDB:".\bin\nt-x86-64\Zad2CH.pdb" /TLBID:1 /DYNAMICBASE /NXCOMPAT /IMPLIB:".\bin\nt-x86-64\Zad2CH.lib" /MACHINE:X64 /DLL ".\bin\nt-x86-64\Debug\Zad2CH.res"
         ".\bin\nt-x86-64\Debug\COMClass.obj"
         ".\bin\nt-x86-64\Debug\Main.obj"
         ".\bin\nt-x86-64\Debug\Zad2CH.obj"
            Creating library .\bin\nt-x86-64\Zad2CH.lib and object .\bin\nt-x86-64\Zad2CH.exp
         Zad2CH.vcxproj -> C:\Users\Andrzej\Autodesk\Softimage_2015\Application\Plugins\Zad2CH\.\bin\nt-x86-64\Zad2CH.dll
     1>Done Building Project "C:\Users\Andrzej\Autodesk\Softimage_2015\Application\Plugins\Zad2CH\Zad2CH.vcxproj" (Rebuild target(s)).

Build succeeded.

Time Elapsed 00:00:02.48
