E:\PROJEKT-KRZACZEK\WINAPI\FINALKOMUNIKATOR\FINALKOMUNIKATOR\DEBUG\MAIN.OBJ
E:\PROJEKT-KRZACZEK\WINAPI\FINALKOMUNIKATOR\FINALKOMUNIKATOR\DEBUG\VC110.PDB
E:\PROJEKT-KRZACZEK\WINAPI\FINALKOMUNIKATOR\DEBUG\FINALKOMUNIKATOR.ILK
E:\PROJEKT-KRZACZEK\WINAPI\FINALKOMUNIKATOR\DEBUG\FINALKOMUNIKATOR.EXE
E:\PROJEKT-KRZACZEK\WINAPI\FINALKOMUNIKATOR\DEBUG\FINALKOMUNIKATOR.PDB
E:\PROJEKT-KRZACZEK\WINAPI\FINALKOMUNIKATOR\FINALKOMUNIKATOR\DEBUG\FINALKOMUNIKATOR.RES
E:\Projekt-Krzaczek\WINapi\FinalKomunikator\FinalKomunikator\Debug\cl.command.1.tlog
E:\Projekt-Krzaczek\WINapi\FinalKomunikator\FinalKomunikator\Debug\CL.read.1.tlog
E:\Projekt-Krzaczek\WINapi\FinalKomunikator\FinalKomunikator\Debug\CL.write.1.tlog
E:\Projekt-Krzaczek\WINapi\FinalKomunikator\FinalKomunikator\Debug\link-cvtres.read.1.tlog
E:\Projekt-Krzaczek\WINapi\FinalKomunikator\FinalKomunikator\Debug\link-cvtres.write.1.tlog
E:\Projekt-Krzaczek\WINapi\FinalKomunikator\FinalKomunikator\Debug\link-rc.read.1.tlog
E:\Projekt-Krzaczek\WINapi\FinalKomunikator\FinalKomunikator\Debug\link-rc.write.1.tlog
E:\Projekt-Krzaczek\WINapi\FinalKomunikator\FinalKomunikator\Debug\link.command.1.tlog
E:\Projekt-Krzaczek\WINapi\FinalKomunikator\FinalKomunikator\Debug\link.read.1.tlog
E:\Projekt-Krzaczek\WINapi\FinalKomunikator\FinalKomunikator\Debug\link.write.1.tlog
E:\Projekt-Krzaczek\WINapi\FinalKomunikator\FinalKomunikator\Debug\rc.command.1.tlog
E:\Projekt-Krzaczek\WINapi\FinalKomunikator\FinalKomunikator\Debug\rc.read.1.tlog
E:\Projekt-Krzaczek\WINapi\FinalKomunikator\FinalKomunikator\Debug\rc.write.1.tlog
E:\Projekt-Krzaczek\WINapi\FinalKomunikator\FinalKomunikator\Debug\FinalKomunikator.res
E:\Projekt-Krzaczek\WINapi\FinalKomunikator\FinalKomunikator\Debug\vc110.idb
E:\Projekt-Krzaczek\WINapi\FinalKomunikator\FinalKomunikator\Debug\vc110.pdb
E:\Projekt-Krzaczek\WINapi\FinalKomunikator\Debug\FinalKomunikator.pdb
E:\Projekt-Krzaczek\WINapi\FinalKomunikator\Debug\FinalKomunikator.exe
E:\Projekt-Krzaczek\WINapi\FinalKomunikator\Debug\FinalKomunikator.ilk
